<?xml version="1.0" encoding="UTF-8" ?>
<testsuite failures="0" time="0.359" errors="0" skipped="0" tests="3" name="org.multibit.mbm.utils.DateUtilsTest">
  <properties>
[...]
</properties>
  <testcase time="0.255" classname="org.multibit.mbm.utils.DateUtilsTest" name="testFriendlyFormatDefaultLocale"/>
  <testcase time="0.001" classname="org.multibit.mbm.utils.DateUtilsTest" name="testFriendlyFormatFrenchLocale"/>
  <testcase time="0.011" classname="org.multibit.mbm.utils.DateUtilsTest" name="testFriendlyFormatThaiLocale"/>
</testsuite>